<?xml version="1.0" encoding="UTF-8"?>
<!-- Generated by org.testng.reporters.JUnitReportReporter -->
<testsuite hostname="LAPTOP-37EHOU9Q" failures="0" tests="1" name="webapp.webapp.webTest" time="3.670" errors="0" timestamp="2024-03-28T17:54:27 IST" skipped="0">
  <testcase classname="webapp.webapp.webTest" name="validateLogin" time="3.670"/>
  <system-out/>
</testsuite> <!-- webapp.webapp.webTest -->
